[29-May-2020 15:52:23 UTC] PHP Warning:  include(mysql.php): failed to open stream: No such file or directory in /storage/ssd2/280/13882280/public_html/vgtu.php on line 8
[29-May-2020 15:52:23 UTC] PHP Warning:  include(mysql.php): failed to open stream: No such file or directory in /storage/ssd2/280/13882280/public_html/vgtu.php on line 8
[29-May-2020 15:52:23 UTC] PHP Warning:  include(): Failed opening 'mysql.php' for inclusion (include_path='.:/usr/share/pear:/usr/share/php') in /storage/ssd2/280/13882280/public_html/vgtu.php on line 8
[29-May-2020 15:52:46 UTC] PHP Warning:  include(mysql.php): failed to open stream: No such file or directory in /storage/ssd2/280/13882280/public_html/vgtu.php on line 8
[29-May-2020 15:52:46 UTC] PHP Warning:  include(mysql.php): failed to open stream: No such file or directory in /storage/ssd2/280/13882280/public_html/vgtu.php on line 8
[29-May-2020 15:52:46 UTC] PHP Warning:  include(): Failed opening 'mysql.php' for inclusion (include_path='.:/usr/share/pear:/usr/share/php') in /storage/ssd2/280/13882280/public_html/vgtu.php on line 8
[29-May-2020 15:52:46 UTC] PHP Fatal error:  Uncaught Error: Call to undefined function addUser() in /storage/ssd2/280/13882280/public_html/vgtu.php:32
Stack trace:
#0 {main}
  thrown in /storage/ssd2/280/13882280/public_html/vgtu.php on line 32
[29-May-2020 16:12:20 UTC] PHP Fatal error:  Uncaught Error: Call to undefined function account_init() in /storage/ssd2/280/13882280/public_html/mysql.php:89
Stack trace:
#0 /storage/ssd2/280/13882280/public_html/vgtu.php(32): addUser(1064584045, 'terob77', '\xD0\xAE\xD0\xBB\xD0\xB8\xD1\x8F')
#1 {main}
  thrown in /storage/ssd2/280/13882280/public_html/mysql.php on line 89
[29-May-2020 16:16:55 UTC] PHP Fatal error:  Uncaught Error: Call to undefined function account_init() in /storage/ssd2/280/13882280/public_html/mysql.php:89
Stack trace:
#0 /storage/ssd2/280/13882280/public_html/vgtu.php(32): addUser(430239172, 'tema000', '\xD0\x90\xD1\x80\xD1\x82\xD0\xB5\xD0\xBC')
#1 {main}
  thrown in /storage/ssd2/280/13882280/public_html/mysql.php on line 89
[29-May-2020 18:01:52 UTC] PHP Fatal error:  Uncaught Error: Call to undefined function sendPhoto() in /storage/ssd2/280/13882280/public_html/vgtu.php:125
Stack trace:
#0 {main}
  thrown in /storage/ssd2/280/13882280/public_html/vgtu.php on line 125
[29-May-2020 18:04:38 UTC] PHP Fatal error:  Uncaught Error: Call to undefined function sendPhoto() in /storage/ssd2/280/13882280/public_html/vgtu.php:124
Stack trace:
#0 {main}
  thrown in /storage/ssd2/280/13882280/public_html/vgtu.php on line 124
[29-May-2020 18:11:01 UTC] PHP Fatal error:  Uncaught Error: Call to undefined function sendPhoto() in /storage/ssd2/280/13882280/public_html/vgtu.php:129
Stack trace:
#0 {main}
  thrown in /storage/ssd2/280/13882280/public_html/vgtu.php on line 129
[29-May-2020 18:12:13 UTC] PHP Fatal error:  Uncaught Error: Call to undefined function sendPhoto() in /storage/ssd2/280/13882280/public_html/vgtu.php:129
Stack trace:
#0 {main}
  thrown in /storage/ssd2/280/13882280/public_html/vgtu.php on line 129
[29-May-2020 18:13:36 UTC] PHP Notice:  Undefined index: text in /storage/ssd2/280/13882280/public_html/vgtu.php on line 21
[29-May-2020 18:13:36 UTC] PHP Fatal error:  Uncaught PDOException: SQLSTATE[23000]: Integrity constraint violation: 1048 Column 'text' cannot be null in /storage/ssd2/280/13882280/public_html/mysql.php:78
Stack trace:
#0 /storage/ssd2/280/13882280/public_html/mysql.php(78): PDOStatement->execute(Array)
#1 /storage/ssd2/280/13882280/public_html/vgtu.php(34): MessageSave(Array)
#2 {main}
  thrown in /storage/ssd2/280/13882280/public_html/mysql.php on line 78
[29-May-2020 18:24:10 UTC] PHP Notice:  Undefined variable: bot in /storage/ssd2/280/13882280/public_html/vgtu.php on line 43
[29-May-2020 18:24:10 UTC] PHP Fatal error:  Uncaught Error: Call to a member function command() on null in /storage/ssd2/280/13882280/public_html/vgtu.php:43
Stack trace:
#0 {main}
  thrown in /storage/ssd2/280/13882280/public_html/vgtu.php on line 43
[29-May-2020 18:24:32 UTC] PHP Notice:  Undefined variable: bot in /storage/ssd2/280/13882280/public_html/vgtu.php on line 43
[29-May-2020 18:24:32 UTC] PHP Fatal error:  Uncaught Error: Call to a member function command() on null in /storage/ssd2/280/13882280/public_html/vgtu.php:43
Stack trace:
#0 {main}
  thrown in /storage/ssd2/280/13882280/public_html/vgtu.php on line 43
[29-May-2020 18:29:46 UTC] PHP Notice:  Undefined index: callback_query in /storage/ssd2/280/13882280/public_html/vgtu.php on line 22
[29-May-2020 18:29:46 UTC] PHP Notice:  Undefined variable: callback_data in /storage/ssd2/280/13882280/public_html/vgtu.php on line 64
[29-May-2020 18:29:46 UTC] PHP Notice:  Undefined variable: callback_data in /storage/ssd2/280/13882280/public_html/vgtu.php on line 68
[29-May-2020 18:29:53 UTC] PHP Notice:  Undefined index: callback_query in /storage/ssd2/280/13882280/public_html/vgtu.php on line 22
[29-May-2020 18:29:53 UTC] PHP Notice:  Undefined variable: callback_data in /storage/ssd2/280/13882280/public_html/vgtu.php on line 64
[29-May-2020 18:29:53 UTC] PHP Notice:  Undefined variable: callback_data in /storage/ssd2/280/13882280/public_html/vgtu.php on line 68
[29-May-2020 18:32:20 UTC] PHP Notice:  Undefined index: message in /storage/ssd2/280/13882280/public_html/vgtu.php on line 14
[29-May-2020 18:32:20 UTC] PHP Notice:  Undefined index: message in /storage/ssd2/280/13882280/public_html/vgtu.php on line 15
[29-May-2020 18:32:20 UTC] PHP Notice:  Undefined index: message in /storage/ssd2/280/13882280/public_html/vgtu.php on line 16
[29-May-2020 18:32:20 UTC] PHP Notice:  Undefined index: message in /storage/ssd2/280/13882280/public_html/vgtu.php on line 17
[29-May-2020 18:32:20 UTC] PHP Notice:  Undefined index: message in /storage/ssd2/280/13882280/public_html/vgtu.php on line 18
[29-May-2020 18:32:20 UTC] PHP Notice:  Undefined index: message in /storage/ssd2/280/13882280/public_html/vgtu.php on line 19
[29-May-2020 18:33:55 UTC] PHP Notice:  Undefined index: message in /storage/ssd2/280/13882280/public_html/vgtu.php on line 14
[29-May-2020 18:33:55 UTC] PHP Notice:  Undefined index: message in /storage/ssd2/280/13882280/public_html/vgtu.php on line 15
[29-May-2020 18:33:55 UTC] PHP Notice:  Undefined index: message in /storage/ssd2/280/13882280/public_html/vgtu.php on line 16
[29-May-2020 18:33:55 UTC] PHP Notice:  Undefined index: message in /storage/ssd2/280/13882280/public_html/vgtu.php on line 17
[29-May-2020 18:33:55 UTC] PHP Notice:  Undefined index: message in /storage/ssd2/280/13882280/public_html/vgtu.php on line 18
[29-May-2020 18:33:55 UTC] PHP Notice:  Undefined index: message in /storage/ssd2/280/13882280/public_html/vgtu.php on line 19
[29-May-2020 18:36:09 UTC] PHP Notice:  Undefined index: callback_query in /storage/ssd2/280/13882280/public_html/vgtu.php on line 22
[29-May-2020 18:36:09 UTC] PHP Notice:  Undefined variable: callback_data in /storage/ssd2/280/13882280/public_html/vgtu.php on line 64
[29-May-2020 18:36:09 UTC] PHP Notice:  Undefined variable: callback_data in /storage/ssd2/280/13882280/public_html/vgtu.php on line 68
[29-May-2020 18:36:12 UTC] PHP Notice:  Undefined index: callback_query in /storage/ssd2/280/13882280/public_html/vgtu.php on line 22
[29-May-2020 18:36:12 UTC] PHP Notice:  Undefined variable: callback_data in /storage/ssd2/280/13882280/public_html/vgtu.php on line 64
[29-May-2020 18:36:12 UTC] PHP Notice:  Undefined variable: callback_data in /storage/ssd2/280/13882280/public_html/vgtu.php on line 68
[29-May-2020 18:37:34 UTC] PHP Notice:  Undefined index: callback_query in /storage/ssd2/280/13882280/public_html/vgtu.php on line 22
[29-May-2020 18:37:34 UTC] PHP Notice:  Undefined variable: callback_data in /storage/ssd2/280/13882280/public_html/vgtu.php on line 64
[29-May-2020 18:37:34 UTC] PHP Notice:  Undefined variable: callback_data in /storage/ssd2/280/13882280/public_html/vgtu.php on line 68
[29-May-2020 18:37:39 UTC] PHP Notice:  Undefined index: callback_query in /storage/ssd2/280/13882280/public_html/vgtu.php on line 22
[29-May-2020 18:37:39 UTC] PHP Notice:  Undefined variable: callback_data in /storage/ssd2/280/13882280/public_html/vgtu.php on line 64
[29-May-2020 18:37:39 UTC] PHP Notice:  Undefined variable: callback_data in /storage/ssd2/280/13882280/public_html/vgtu.php on line 68
[29-May-2020 18:37:42 UTC] PHP Notice:  Undefined index: callback_query in /storage/ssd2/280/13882280/public_html/vgtu.php on line 22
[29-May-2020 18:37:42 UTC] PHP Notice:  Undefined variable: callback_data in /storage/ssd2/280/13882280/public_html/vgtu.php on line 64
[29-May-2020 18:37:42 UTC] PHP Notice:  Undefined variable: callback_data in /storage/ssd2/280/13882280/public_html/vgtu.php on line 68
[29-May-2020 18:37:47 UTC] PHP Notice:  Undefined index: callback_query in /storage/ssd2/280/13882280/public_html/vgtu.php on line 22
[29-May-2020 18:37:47 UTC] PHP Notice:  Undefined variable: callback_data in /storage/ssd2/280/13882280/public_html/vgtu.php on line 64
[29-May-2020 18:37:47 UTC] PHP Notice:  Undefined variable: callback_data in /storage/ssd2/280/13882280/public_html/vgtu.php on line 68
[29-May-2020 18:37:50 UTC] PHP Notice:  Undefined index: callback_query in /storage/ssd2/280/13882280/public_html/vgtu.php on line 22
[29-May-2020 18:37:50 UTC] PHP Notice:  Undefined variable: callback_data in /storage/ssd2/280/13882280/public_html/vgtu.php on line 64
[29-May-2020 18:37:50 UTC] PHP Notice:  Undefined variable: callback_data in /storage/ssd2/280/13882280/public_html/vgtu.php on line 68
[29-May-2020 19:14:26 UTC] PHP Notice:  Undefined index: АДМИН in /storage/ssd2/280/13882280/public_html/functions.php on line 10
[29-May-2020 19:15:08 UTC] PHP Notice:  Undefined index: АДМИН in /storage/ssd2/280/13882280/public_html/functions.php on line 10
[29-May-2020 19:16:51 UTC] PHP Notice:  Undefined index: АДМИН in /storage/ssd2/280/13882280/public_html/functions.php on line 10
[29-May-2020 19:17:16 UTC] PHP Notice:  Undefined index: АДМИН in /storage/ssd2/280/13882280/public_html/functions.php on line 10
[29-May-2020 19:17:56 UTC] PHP Warning:  include(function.php): failed to open stream: No such file or directory in /storage/ssd2/280/13882280/public_html/vgtu.php on line 7
[29-May-2020 19:17:56 UTC] PHP Warning:  include(function.php): failed to open stream: No such file or directory in /storage/ssd2/280/13882280/public_html/vgtu.php on line 7
[29-May-2020 19:17:56 UTC] PHP Warning:  include(): Failed opening 'function.php' for inclusion (include_path='.:/usr/share/pear:/usr/share/php') in /storage/ssd2/280/13882280/public_html/vgtu.php on line 7
[29-May-2020 19:17:56 UTC] PHP Fatal error:  Uncaught Error: Call to undefined function get() in /storage/ssd2/280/13882280/public_html/vgtu.php:10
Stack trace:
#0 {main}
  thrown in /storage/ssd2/280/13882280/public_html/vgtu.php on line 10
[29-May-2020 19:19:35 UTC] PHP Notice:  Undefined index: АДМИН in /storage/ssd2/280/13882280/public_html/functions.php on line 10
[29-May-2020 19:21:01 UTC] PHP Notice:  Undefined index: АДМИН in /storage/ssd2/280/13882280/public_html/functions.php on line 10
[29-May-2020 19:49:31 UTC] PHP Parse error:  syntax error, unexpected end of file in /storage/ssd2/280/13882280/public_html/functions.php on line 105
[29-May-2020 19:50:07 UTC] PHP Notice:  Undefined variable: PHOTO in /storage/ssd2/280/13882280/public_html/vgtu.php on line 124
[29-May-2020 19:50:13 UTC] PHP Notice:  Undefined variable: PHOTO in /storage/ssd2/280/13882280/public_html/vgtu.php on line 124
[29-May-2020 19:50:16 UTC] PHP Notice:  Undefined variable: PHOTO in /storage/ssd2/280/13882280/public_html/vgtu.php on line 124
[29-May-2020 19:57:25 UTC] PHP Notice:  Undefined variable: PHOTO in /storage/ssd2/280/13882280/public_html/vgtu.php on line 124
[29-May-2020 19:57:35 UTC] PHP Notice:  Undefined variable: PHOTO in /storage/ssd2/280/13882280/public_html/vgtu.php on line 124
[29-May-2020 19:58:21 UTC] PHP Notice:  Undefined variable: PHOTO in /storage/ssd2/280/13882280/public_html/vgtu.php on line 124
[29-May-2020 20:01:35 UTC] PHP Notice:  Undefined variable: PHOTO in /storage/ssd2/280/13882280/public_html/vgtu.php on line 124
[29-May-2020 20:02:57 UTC] PHP Notice:  Undefined variable: PHOTO in /storage/ssd2/280/13882280/public_html/vgtu.php on line 124
[29-May-2020 20:03:12 UTC] PHP Notice:  Undefined variable: PHOTO in /storage/ssd2/280/13882280/public_html/vgtu.php on line 124
[29-May-2020 20:05:08 UTC] PHP Notice:  Undefined variable: PHOTO in /storage/ssd2/280/13882280/public_html/vgtu.php on line 124
[29-May-2020 20:05:12 UTC] PHP Notice:  Undefined variable: PHOTO in /storage/ssd2/280/13882280/public_html/vgtu.php on line 124
[29-May-2020 20:06:05 UTC] PHP Notice:  Undefined variable: PHOTO in /storage/ssd2/280/13882280/public_html/vgtu.php on line 124
[29-May-2020 20:06:15 UTC] PHP Notice:  Undefined variable: PHOTO in /storage/ssd2/280/13882280/public_html/vgtu.php on line 124
[29-May-2020 20:06:22 UTC] PHP Notice:  Undefined variable: PHOTO in /storage/ssd2/280/13882280/public_html/vgtu.php on line 124
[29-May-2020 20:06:26 UTC] PHP Notice:  Undefined variable: PHOTO in /storage/ssd2/280/13882280/public_html/vgtu.php on line 124
[29-May-2020 20:06:36 UTC] PHP Notice:  Undefined variable: PHOTO in /storage/ssd2/280/13882280/public_html/vgtu.php on line 124
[29-May-2020 20:09:59 UTC] PHP Notice:  Undefined variable: PHOTO in /storage/ssd2/280/13882280/public_html/vgtu.php on line 124
[29-May-2020 20:12:20 UTC] PHP Notice:  Undefined variable: PHOTO in /storage/ssd2/280/13882280/public_html/vgtu.php on line 124
[29-May-2020 20:12:22 UTC] PHP Notice:  Undefined variable: PHOTO in /storage/ssd2/280/13882280/public_html/vgtu.php on line 124
[29-May-2020 20:12:27 UTC] PHP Notice:  Undefined variable: PHOTO in /storage/ssd2/280/13882280/public_html/vgtu.php on line 124
[29-May-2020 20:12:37 UTC] PHP Notice:  Undefined variable: PHOTO in /storage/ssd2/280/13882280/public_html/vgtu.php on line 124
[29-May-2020 20:12:42 UTC] PHP Notice:  Undefined variable: PHOTO in /storage/ssd2/280/13882280/public_html/vgtu.php on line 124
[29-May-2020 20:19:07 UTC] PHP Notice:  Undefined variable: PHOTO in /storage/ssd2/280/13882280/public_html/vgtu.php on line 124
[29-May-2020 20:19:11 UTC] PHP Notice:  Undefined variable: PHOTO in /storage/ssd2/280/13882280/public_html/vgtu.php on line 124
[29-May-2020 20:19:16 UTC] PHP Notice:  Undefined variable: PHOTO in /storage/ssd2/280/13882280/public_html/vgtu.php on line 124
[29-May-2020 20:19:19 UTC] PHP Notice:  Undefined variable: PHOTO in /storage/ssd2/280/13882280/public_html/vgtu.php on line 124
[29-May-2020 20:19:24 UTC] PHP Notice:  Undefined variable: PHOTO in /storage/ssd2/280/13882280/public_html/vgtu.php on line 124
[29-May-2020 20:19:27 UTC] PHP Notice:  Undefined variable: PHOTO in /storage/ssd2/280/13882280/public_html/vgtu.php on line 124
[29-May-2020 20:19:31 UTC] PHP Notice:  Undefined variable: PHOTO in /storage/ssd2/280/13882280/public_html/vgtu.php on line 124
[29-May-2020 20:19:45 UTC] PHP Notice:  Undefined variable: PHOTO in /storage/ssd2/280/13882280/public_html/vgtu.php on line 124
[29-May-2020 20:19:51 UTC] PHP Notice:  Undefined variable: PHOTO in /storage/ssd2/280/13882280/public_html/vgtu.php on line 124
[29-May-2020 20:19:54 UTC] PHP Notice:  Undefined variable: PHOTO in /storage/ssd2/280/13882280/public_html/vgtu.php on line 124
[29-May-2020 20:20:00 UTC] PHP Notice:  Undefined variable: PHOTO in /storage/ssd2/280/13882280/public_html/vgtu.php on line 124
[29-May-2020 20:21:25 UTC] PHP Notice:  Undefined variable: PHOTO in /storage/ssd2/280/13882280/public_html/vgtu.php on line 124
[29-May-2020 20:21:38 UTC] PHP Notice:  Undefined variable: PHOTO in /storage/ssd2/280/13882280/public_html/vgtu.php on line 124
[29-May-2020 20:22:08 UTC] PHP Notice:  Undefined variable: PHOTO in /storage/ssd2/280/13882280/public_html/vgtu.php on line 124
[29-May-2020 20:22:16 UTC] PHP Notice:  Undefined variable: PHOTO in /storage/ssd2/280/13882280/public_html/vgtu.php on line 124
[29-May-2020 20:22:24 UTC] PHP Notice:  Undefined variable: PHOTO in /storage/ssd2/280/13882280/public_html/vgtu.php on line 124
[29-May-2020 20:28:15 UTC] PHP Notice:  Undefined variable: PHOTO in /storage/ssd2/280/13882280/public_html/vgtu.php on line 124
[29-May-2020 20:28:23 UTC] PHP Notice:  Undefined variable: PHOTO in /storage/ssd2/280/13882280/public_html/vgtu.php on line 124
[29-May-2020 20:28:35 UTC] PHP Notice:  Undefined variable: PHOTO in /storage/ssd2/280/13882280/public_html/vgtu.php on line 124
[29-May-2020 20:29:09 UTC] PHP Notice:  Undefined variable: PHOTO in /storage/ssd2/280/13882280/public_html/vgtu.php on line 124
[29-May-2020 20:30:36 UTC] PHP Notice:  Undefined variable: PHOTO in /storage/ssd2/280/13882280/public_html/vgtu.php on line 124
[29-May-2020 20:31:01 UTC] PHP Notice:  Undefined variable: PHOTO in /storage/ssd2/280/13882280/public_html/vgtu.php on line 124
[29-May-2020 20:31:20 UTC] PHP Notice:  Undefined variable: PHOTO in /storage/ssd2/280/13882280/public_html/vgtu.php on line 124
[29-May-2020 20:31:25 UTC] PHP Notice:  Undefined variable: PHOTO in /storage/ssd2/280/13882280/public_html/vgtu.php on line 124
[29-May-2020 20:31:34 UTC] PHP Notice:  Undefined variable: PHOTO in /storage/ssd2/280/13882280/public_html/vgtu.php on line 124
[29-May-2020 20:31:42 UTC] PHP Notice:  Undefined variable: PHOTO in /storage/ssd2/280/13882280/public_html/vgtu.php on line 124
[29-May-2020 20:31:48 UTC] PHP Notice:  Undefined variable: PHOTO in /storage/ssd2/280/13882280/public_html/vgtu.php on line 124
[29-May-2020 20:33:34 UTC] PHP Notice:  Undefined variable: PHOTO in /storage/ssd2/280/13882280/public_html/vgtu.php on line 125
[29-May-2020 20:33:37 UTC] PHP Notice:  Undefined variable: PHOTO in /storage/ssd2/280/13882280/public_html/vgtu.php on line 125
[29-May-2020 20:33:42 UTC] PHP Notice:  Undefined variable: PHOTO in /storage/ssd2/280/13882280/public_html/vgtu.php on line 125
[29-May-2020 20:33:46 UTC] PHP Notice:  Undefined variable: PHOTO in /storage/ssd2/280/13882280/public_html/vgtu.php on line 125
[29-May-2020 20:33:50 UTC] PHP Notice:  Undefined variable: PHOTO in /storage/ssd2/280/13882280/public_html/vgtu.php on line 125
[29-May-2020 20:33:54 UTC] PHP Notice:  Undefined variable: PHOTO in /storage/ssd2/280/13882280/public_html/vgtu.php on line 125
[29-May-2020 20:34:00 UTC] PHP Notice:  Undefined variable: PHOTO in /storage/ssd2/280/13882280/public_html/vgtu.php on line 125
[29-May-2020 20:42:53 UTC] PHP Notice:  Undefined variable: PHOTO in /storage/ssd2/280/13882280/public_html/vgtu.php on line 125
[29-May-2020 20:48:02 UTC] PHP Notice:  Undefined variable: PHOTO in /storage/ssd2/280/13882280/public_html/vgtu.php on line 125
[29-May-2020 20:48:17 UTC] PHP Notice:  Undefined variable: PHOTO in /storage/ssd2/280/13882280/public_html/vgtu.php on line 125
[29-May-2020 20:48:25 UTC] PHP Notice:  Undefined variable: PHOTO in /storage/ssd2/280/13882280/public_html/vgtu.php on line 125
[29-May-2020 20:48:30 UTC] PHP Notice:  Undefined variable: PHOTO in /storage/ssd2/280/13882280/public_html/vgtu.php on line 125
[29-May-2020 20:48:32 UTC] PHP Notice:  Undefined variable: PHOTO in /storage/ssd2/280/13882280/public_html/vgtu.php on line 125
[29-May-2020 20:48:37 UTC] PHP Notice:  Undefined variable: PHOTO in /storage/ssd2/280/13882280/public_html/vgtu.php on line 125
[29-May-2020 20:48:41 UTC] PHP Notice:  Undefined variable: PHOTO in /storage/ssd2/280/13882280/public_html/vgtu.php on line 125
[29-May-2020 20:48:46 UTC] PHP Notice:  Undefined variable: PHOTO in /storage/ssd2/280/13882280/public_html/vgtu.php on line 125
[29-May-2020 20:49:06 UTC] PHP Notice:  Undefined variable: PHOTO in /storage/ssd2/280/13882280/public_html/vgtu.php on line 125
[29-May-2020 20:49:10 UTC] PHP Notice:  Undefined variable: PHOTO in /storage/ssd2/280/13882280/public_html/vgtu.php on line 125
[29-May-2020 20:50:03 UTC] PHP Notice:  Undefined variable: PHOTO in /storage/ssd2/280/13882280/public_html/vgtu.php on line 124
[29-May-2020 20:50:08 UTC] PHP Notice:  Undefined variable: PHOTO in /storage/ssd2/280/13882280/public_html/vgtu.php on line 124
[29-May-2020 20:50:10 UTC] PHP Notice:  Undefined variable: PHOTO in /storage/ssd2/280/13882280/public_html/vgtu.php on line 124
[29-May-2020 20:50:18 UTC] PHP Notice:  Undefined variable: PHOTO in /storage/ssd2/280/13882280/public_html/vgtu.php on line 124
[29-May-2020 20:50:32 UTC] PHP Notice:  Undefined variable: PHOTO in /storage/ssd2/280/13882280/public_html/vgtu.php on line 124
[29-May-2020 20:56:09 UTC] PHP Fatal error:  Uncaught Error: Call to undefined function account_init() in /storage/ssd2/280/13882280/public_html/mysql.php:104
Stack trace:
#0 /storage/ssd2/280/13882280/public_html/vgtu.php(33): addUser(744871685, 'Mrslayer555', '\xD0\x98\xD0\xB2\xD0\xB0\xD0\xBD')
#1 {main}
  thrown in /storage/ssd2/280/13882280/public_html/mysql.php on line 104
[29-May-2020 20:56:13 UTC] PHP Notice:  Undefined variable: PHOTO in /storage/ssd2/280/13882280/public_html/vgtu.php on line 124
[29-May-2020 20:56:18 UTC] PHP Notice:  Undefined variable: PHOTO in /storage/ssd2/280/13882280/public_html/vgtu.php on line 124
[29-May-2020 20:56:26 UTC] PHP Notice:  Undefined variable: PHOTO in /storage/ssd2/280/13882280/public_html/vgtu.php on line 124
[29-May-2020 20:56:39 UTC] PHP Notice:  Undefined variable: PHOTO in /storage/ssd2/280/13882280/public_html/vgtu.php on line 124
[29-May-2020 20:56:42 UTC] PHP Notice:  Undefined variable: PHOTO in /storage/ssd2/280/13882280/public_html/vgtu.php on line 124
[29-May-2020 20:56:45 UTC] PHP Notice:  Undefined variable: PHOTO in /storage/ssd2/280/13882280/public_html/vgtu.php on line 124
[29-May-2020 20:57:22 UTC] PHP Notice:  Undefined variable: PHOTO in /storage/ssd2/280/13882280/public_html/vgtu.php on line 124
[29-May-2020 20:57:30 UTC] PHP Notice:  Undefined variable: PHOTO in /storage/ssd2/280/13882280/public_html/vgtu.php on line 124
